This is pdfTeX, Version 3.141592653-2.6-1.40.26 (TeX Live 2025/dev/Debian) (preloaded format=pdflatex 2025.7.20)  29 JUL 2025 12:18
entering extended mode
 restricted \write18 enabled.
 %&-line parsing enabled.
**ajout.tex
(./ajout.tex
LaTeX2e <2024-11-01> patch level 2
L3 programming layer <2025-01-18>
(/usr/share/texlive/texmf-dist/tex/latex/base/article.cls
Document Class: article 2024/06/29 v1.4n Standard LaTeX document class
(/usr/share/texlive/texmf-dist/tex/latex/base/size12.clo
File: size12.clo 2024/06/29 v1.4n Standard LaTeX file (size option)
)
\c@part=\count196
\c@section=\count197
\c@subsection=\count198
\c@subsubsection=\count199
\c@paragraph=\count266
\c@subparagraph=\count267
\c@figure=\count268
\c@table=\count269
\abovecaptionskip=\skip49
\belowcaptionskip=\skip50
\bibindent=\dimen141
)
(/usr/share/texlive/texmf-dist/tex/latex/amsmath/amsmath.sty
Package: amsmath 2024/11/05 v2.17t AMS math features
\@mathmargin=\skip51

For additional information on amsmath, use the `?' option.
(/usr/share/texlive/texmf-dist/tex/latex/amsmath/amstext.sty
Package: amstext 2021/08/26 v2.01 AMS text

(/usr/share/texlive/texmf-dist/tex/latex/amsmath/amsgen.sty
File: amsgen.sty 1999/11/30 v2.0 generic functions
\@emptytoks=\toks17
\ex@=\dimen142
))
(/usr/share/texlive/texmf-dist/tex/latex/amsmath/amsbsy.sty
Package: amsbsy 1999/11/29 v1.2d Bold Symbols
\pmbraise@=\dimen143
)
(/usr/share/texlive/texmf-dist/tex/latex/amsmath/amsopn.sty
Package: amsopn 2022/04/08 v2.04 operator names
)
\inf@bad=\count270
LaTeX Info: Redefining \frac on input line 233.
\uproot@=\count271
\leftroot@=\count272
LaTeX Info: Redefining \overline on input line 398.
LaTeX Info: Redefining \colon on input line 409.
\classnum@=\count273
\DOTSCASE@=\count274
LaTeX Info: Redefining \ldots on input line 495.
LaTeX Info: Redefining \dots on input line 498.
LaTeX Info: Redefining \cdots on input line 619.
\Mathstrutbox@=\box52
\strutbox@=\box53
LaTeX Info: Redefining \big on input line 721.
LaTeX Info: Redefining \Big on input line 722.
LaTeX Info: Redefining \bigg on input line 723.
LaTeX Info: Redefining \Bigg on input line 724.
\big@size=\dimen144
LaTeX Font Info:    Redeclaring font encoding OML on input line 742.
LaTeX Font Info:    Redeclaring font encoding OMS on input line 743.
\macc@depth=\count275
LaTeX Info: Redefining \bmod on input line 904.
LaTeX Info: Redefining \pmod on input line 909.
LaTeX Info: Redefining \smash on input line 939.
LaTeX Info: Redefining \relbar on input line 969.
LaTeX Info: Redefining \Relbar on input line 970.
\c@MaxMatrixCols=\count276
\dotsspace@=\muskip17
\c@parentequation=\count277
\dspbrk@lvl=\count278
\tag@help=\toks18
\row@=\count279
\column@=\count280
\maxfields@=\count281
\andhelp@=\toks19
\eqnshift@=\dimen145
\alignsep@=\dimen146
\tagshift@=\dimen147
\tagwidth@=\dimen148
\totwidth@=\dimen149
\lineht@=\dimen150
\@envbody=\toks20
\multlinegap=\skip52
\multlinetaggap=\skip53
\mathdisplay@stack=\toks21
LaTeX Info: Redefining \[ on input line 2953.
LaTeX Info: Redefining \] on input line 2954.
)
(/usr/share/texlive/texmf-dist/tex/latex/amsfonts/amssymb.sty
Package: amssymb 2013/01/14 v3.01 AMS font symbols

(/usr/share/texlive/texmf-dist/tex/latex/amsfonts/amsfonts.sty
Package: amsfonts 2013/01/14 v3.01 Basic AMSFonts support
\symAMSa=\mathgroup4
\symAMSb=\mathgroup5
LaTeX Font Info:    Redeclaring math symbol \hbar on input line 98.
LaTeX Font Info:    Overwriting math alphabet `\mathfrak' in version `bold'
(Font)                  U/euf/m/n --> U/euf/b/n on input line 106.
))
(/usr/share/texlive/texmf-dist/tex/latex/amscls/amsthm.sty
Package: amsthm 2020/05/29 v2.20.6
\thm@style=\toks22
\thm@bodyfont=\toks23
\thm@headfont=\toks24
\thm@notefont=\toks25
\thm@headpunct=\toks26
\thm@preskip=\skip54
\thm@postskip=\skip55
\thm@headsep=\skip56
\dth@everypar=\toks27
)
(/usr/share/texlive/texmf-dist/tex/generic/babel/babel.sty
Package: babel 2025/02/14 v25.4 The multilingual framework for pdfLaTeX, LuaLaT
eX and XeLaTeX
\babel@savecnt=\count282
\U@D=\dimen151
\l@unhyphenated=\language5

(/usr/share/texlive/texmf-dist/tex/generic/babel/txtbabel.def)
\bbl@readstream=\read2
\bbl@dirlevel=\count283

(/usr/share/texlive/texmf-dist/tex/generic/babel-french/french.ldf
Language: french 2024-07-25 v3.6c French support from the babel system
Package babel Info: Hyphen rules for 'acadian' set to \l@french
(babel)             (\language3). Reported on input line 91.
Package babel Info: Hyphen rules for 'canadien' set to \l@french
(babel)             (\language3). Reported on input line 92.
\FB@stdchar=\count284
Package babel Info: Making : an active character on input line 421.
Package babel Info: Making ; an active character on input line 422.
Package babel Info: Making ! an active character on input line 423.
Package babel Info: Making ? an active character on input line 424.
\FBguill@level=\count285
\FBold@everypar=\toks28
\FB@Mht=\dimen152
\mc@charclass=\count286
\mc@charfam=\count287
\mc@charslot=\count288
\std@mcc=\count289
\dec@mcc=\count290
\FB@parskip=\dimen153
\listindentFB=\dimen154
\descindentFB=\dimen155
\labelindentFB=\dimen156
\labelwidthFB=\dimen157
\leftmarginFB=\dimen158
\parindentFFN=\dimen159
\FBfnindent=\dimen160
))
(/usr/share/texlive/texmf-dist/tex/generic/babel/locale/fr/babel-french.tex
Package babel Info: Importing font and identification data for french
(babel)             from babel-fr.ini. Reported on input line 11.
)
(/usr/share/texlive/texmf-dist/tex/latex/carlisle/scalefnt.sty)
(/usr/share/texlive/texmf-dist/tex/latex/base/inputenc.sty
Package: inputenc 2024/02/08 v1.3d Input encoding file
\inpenc@prehook=\toks29
\inpenc@posthook=\toks30
)
(/usr/share/texlive/texmf-dist/tex/latex/base/fontenc.sty
Package: fontenc 2021/04/29 v2.0v Standard LaTeX package
)
\c@propriete=\count291
\c@theoreme=\count292
\c@lemme=\count293

(/usr/share/texlive/texmf-dist/tex/latex/l3backend/l3backend-pdftex.def
File: l3backend-pdftex.def 2024-05-08 L3 backend support: PDF output (pdfTeX)
\l__color_backend_stack_int=\count294
\l__pdf_internal_box=\box54
)
(./ajout.aux)
\openout1 = `ajout.aux'.

LaTeX Font Info:    Checking defaults for OML/cmm/m/it on input line 16.
LaTeX Font Info:    ... okay on input line 16.
LaTeX Font Info:    Checking defaults for OMS/cmsy/m/n on input line 16.
LaTeX Font Info:    ... okay on input line 16.
LaTeX Font Info:    Checking defaults for OT1/cmr/m/n on input line 16.
LaTeX Font Info:    ... okay on input line 16.
LaTeX Font Info:    Checking defaults for T1/cmr/m/n on input line 16.
LaTeX Font Info:    ... okay on input line 16.
LaTeX Font Info:    Checking defaults for TS1/cmr/m/n on input line 16.
LaTeX Font Info:    ... okay on input line 16.
LaTeX Font Info:    Checking defaults for OMX/cmex/m/n on input line 16.
LaTeX Font Info:    ... okay on input line 16.
LaTeX Font Info:    Checking defaults for U/cmr/m/n on input line 16.
LaTeX Font Info:    ... okay on input line 16.
LaTeX Info: Redefining \degres on input line 16.
LaTeX Info: Redefining \up on input line 16.
LaTeX Font Info:    Trying to load font information for U+msa on input line 18.

 (/usr/share/texlive/texmf-dist/tex/latex/amsfonts/umsa.fd
File: umsa.fd 2013/01/14 v3.01 AMS symbols A
)
LaTeX Font Info:    Trying to load font information for U+msb on input line 18.


(/usr/share/texlive/texmf-dist/tex/latex/amsfonts/umsb.fd
File: umsb.fd 2013/01/14 v3.01 AMS symbols B
)

[1

{/var/lib/texmf/fonts/map/pdftex/updmap/pdftex.map}]

[2]
Overfull \hbox (150.66046pt too wide) detected at line 125
\OT1/cmr/m/n/12 (\OML/cmm/m/it/12 ^^_[] \OMS/cmsy/m/n/12 ^^A \OML/cmm/m/it/12 ^
^_[]\OT1/cmr/m/n/12 )(\OML/cmm/m/it/12 gh\OT1/cmr/m/n/12 ) = \OML/cmm/m/it/12 ^
^_[]\OT1/cmr/m/n/12 (\OML/cmm/m/it/12 gh\OT1/cmr/m/n/12 )\OML/cmm/m/it/12 ^^_[]
\OT1/cmr/m/n/12 (\OML/cmm/m/it/12 gh\OT1/cmr/m/n/12 ) = \OML/cmm/m/it/12 ^^_[]\
OT1/cmr/m/n/12 (\OML/cmm/m/it/12 g\OT1/cmr/m/n/12 )\OML/cmm/m/it/12 ^^_[]\OT1/c
mr/m/n/12 (\OML/cmm/m/it/12 h\OT1/cmr/m/n/12 ) \OMS/cmsy/m/n/12 ^^A \OML/cmm/m/
it/12 ^^_[]\OT1/cmr/m/n/12 (\OML/cmm/m/it/12 g\OT1/cmr/m/n/12 )\OML/cmm/m/it/12
 ^^_[]\OT1/cmr/m/n/12 (\OML/cmm/m/it/12 h\OT1/cmr/m/n/12 ) = (\OML/cmm/m/it/12 
^^_[]\OT1/cmr/m/n/12 (\OML/cmm/m/it/12 g\OT1/cmr/m/n/12 )\OML/cmm/m/it/12 ^^_[]
\OT1/cmr/m/n/12 (\OML/cmm/m/it/12 g\OT1/cmr/m/n/12 ))(\OML/cmm/m/it/12 ^^_[]\OT
1/cmr/m/n/12 (\OML/cmm/m/it/12 h\OT1/cmr/m/n/12 )\OML/cmm/m/it/12 ^^_[]\OT1/cmr
/m/n/12 (\OML/cmm/m/it/12 h\OT1/cmr/m/n/12 )) = (\OML/cmm/m/it/12 ^^_[] \OMS/cm
sy/m/n/12 ^^A \OML/cmm/m/it/12 ^^_[]\OT1/cmr/m/n/12 )(\OML/cmm/m/it/12 g\OT1/cm
r/m/n/12 )(\OML/cmm/m/it/12 ^^_[] \OMS/cmsy/m/n/12 ^^A \OML/cmm/m/it/12 ^^_[]\O
T1/cmr/m/n/12 )(\OML/cmm/m/it/12 h\OT1/cmr/m/n/12 )\OML/cmm/m/it/12 :
 []


Overfull \hbox (9.07825pt too wide) detected at line 133
\OT1/cmr/m/n/12 ((\OML/cmm/m/it/12 ^^_[] \OMS/cmsy/m/n/12 ^^A \OML/cmm/m/it/12 
^^_[]\OT1/cmr/m/n/12 ) \OMS/cmsy/m/n/12 ^^A \OML/cmm/m/it/12 ^^_[]\OT1/cmr/m/n/
12 )(\OML/cmm/m/it/12 g\OT1/cmr/m/n/12 ) = (\OML/cmm/m/it/12 ^^_[]\OT1/cmr/m/n/
12 (\OML/cmm/m/it/12 g\OT1/cmr/m/n/12 ) \OMS/cmsy/m/n/12 ^^A \OML/cmm/m/it/12 ^
^_[]\OT1/cmr/m/n/12 (\OML/cmm/m/it/12 g\OT1/cmr/m/n/12 )) \OMS/cmsy/m/n/12 ^^A 
\OML/cmm/m/it/12 ^^_[]\OT1/cmr/m/n/12 (\OML/cmm/m/it/12 g\OT1/cmr/m/n/12 ) = \O
ML/cmm/m/it/12 ^^_[]\OT1/cmr/m/n/12 (\OML/cmm/m/it/12 g\OT1/cmr/m/n/12 ) \OMS/c
msy/m/n/12 ^^A \OT1/cmr/m/n/12 (\OML/cmm/m/it/12 ^^_[]\OT1/cmr/m/n/12 (\OML/cmm
/m/it/12 g\OT1/cmr/m/n/12 ) \OMS/cmsy/m/n/12 ^^A \OML/cmm/m/it/12 ^^_[]\OT1/cmr
/m/n/12 (\OML/cmm/m/it/12 g\OT1/cmr/m/n/12 )) = (\OML/cmm/m/it/12 ^^_[] \OMS/cm
sy/m/n/12 ^^A \OT1/cmr/m/n/12 (\OML/cmm/m/it/12 ^^_[] \OMS/cmsy/m/n/12 ^^A \OML
/cmm/m/it/12 ^^_[]\OT1/cmr/m/n/12 ))(\OML/cmm/m/it/12 g\OT1/cmr/m/n/12 )\OML/cm
m/m/it/12 :
 []



[3]

[4]

[5]

[6] (./ajout.aux)
 ***********
LaTeX2e <2024-11-01> patch level 2
L3 programming layer <2025-01-18>
 ***********
 ) 
Here is how much of TeX's memory you used:
 4011 strings out of 475149
 64409 string characters out of 5765270
 465784 words of memory out of 5000000
 27013 multiletter control sequences out of 15000+600000
 572303 words of font info for 75 fonts, out of 8000000 for 9000
 14 hyphenation exceptions out of 8191
 56i,9n,65p,282b,428s stack positions out of 10000i,1000n,20000p,200000b,200000s
 </home/rogerblapto/.texlive2025/texmf-var/fonts/pk/ljfour/jknappen/ec/ecrm12
00.600pk> </home/rogerblapto/.texlive2025/texmf-var/fonts/pk/ljfour/jknappen/ec
/ecti1200.600pk> </home/rogerblapto/.texlive2025/texmf-var/fonts/pk/ljfour/jkna
ppen/ec/ecbx1200.600pk> </home/rogerblapto/.texlive2025/texmf-var/fonts/pk/ljfo
ur/jknappen/ec/ecrm2074.600pk></usr/share/texlive/texmf-dist/fonts/type1/public
/amsfonts/cm/cmbx12.pfb></usr/share/texlive/texmf-dist/fonts/type1/public/amsfo
nts/cm/cmex10.pfb></usr/share/texlive/texmf-dist/fonts/type1/public/amsfonts/cm
/cmmi12.pfb></usr/share/texlive/texmf-dist/fonts/type1/public/amsfonts/cm/cmmi8
.pfb></usr/share/texlive/texmf-dist/fonts/type1/public/amsfonts/cm/cmr12.pfb></
usr/share/texlive/texmf-dist/fonts/type1/public/amsfonts/cm/cmr8.pfb></usr/shar
e/texlive/texmf-dist/fonts/type1/public/amsfonts/cm/cmsy10.pfb></usr/share/texl
ive/texmf-dist/fonts/type1/public/amsfonts/cm/cmsy6.pfb></usr/share/texlive/tex
mf-dist/fonts/type1/public/amsfonts/cm/cmsy8.pfb></usr/share/texlive/texmf-dist
/fonts/type1/public/amsfonts/symbols/msbm10.pfb>
Output written on ajout.pdf (6 pages, 151575 bytes).
PDF statistics:
 238 PDF objects out of 1000 (max. 8388607)
 60 compressed objects within 1 object stream
 0 named destinations out of 1000 (max. 500000)
 1 words of extra memory for PDF output out of 10000 (max. 10000000)

