\BOOKMARK [0][-]{chapter*.1}{\376\377\000D\000E\000D\000I\000C\000A\000C\000E\000.\000\040\000.\000\040\000.\000\040\000.\000\040\000.\000\040\000.\000\040\000.\000\040\000.\000\040\000.\000\040\000.\000\040\000.\000\040\000.\000\040\000.\000\040\000.\000\040\000.\000\040\000.\000\040\000.\000\040\000.\000\040\000.\000\040\000.\000\040\000.\000\040\000.\000\040\000.\000\040\000.\000\040\000.\000\040\000.\000\040\000.\000\040\000.\000\040\000.\000\040\000.\000\040\000.\000\040\000.\000\040\000.\000\040\000.\000\040\000.\000\040\000.\000\040\000.\000\040\000.\000\040\000.\000\040\000.\000\040\000.\000\040\000.\000\040\000.\000\040\000.\000\040\000.\000\040\000.\000\040\000.\000\040\000.\000\040\000.\000\040\000.\000\040\000.\000\040\000.\000\040\000.\000\040\000.\000\040\000.\000\040\000.\000\040\000.\000\040\000.\000\040\000.\000\040\000.\000\040\000.\000\040\000.}{}% 1
\BOOKMARK [0][-]{chapter*.2}{\376\377\000R\000E\000M\000E\000R\000C\000I\000E\000M\000E\000N\000T\000S\000.\000\040\000.\000\040\000.\000\040\000.\000\040\000.\000\040\000.\000\040\000.\000\040\000.\000\040\000.\000\040\000.\000\040\000.\000\040\000.\000\040\000.\000\040\000.\000\040\000.\000\040\000.\000\040\000.\000\040\000.\000\040\000.\000\040\000.\000\040\000.\000\040\000.\000\040\000.\000\040\000.\000\040\000.\000\040\000.\000\040\000.\000\040\000.\000\040\000.\000\040\000.\000\040\000.\000\040\000.\000\040\000.\000\040\000.\000\040\000.\000\040\000.\000\040\000.\000\040\000.\000\040\000.\000\040\000.\000\040\000.\000\040\000.\000\040\000.\000\040\000.\000\040\000.\000\040\000.\000\040\000.\000\040\000.\000\040\000.\000\040\000.\000\040\000.\000\040\000.\000\040\000.\000\040\000.}{}% 2
\BOOKMARK [0][-]{chapter*.4}{\376\377\000R\000E\000S\000U\000M\000\311\000.\000\040\000.\000\040\000.\000\040\000.\000\040\000.\000\040\000.\000\040\000.\000\040\000.\000\040\000.\000\040\000.\000\040\000.\000\040\000.\000\040\000.\000\040\000.\000\040\000.\000\040\000.\000\040\000.\000\040\000.\000\040\000.\000\040\000.\000\040\000.\000\040\000.\000\040\000.\000\040\000.\000\040\000.\000\040\000.\000\040\000.\000\040\000.\000\040\000.\000\040\000.\000\040\000.\000\040\000.\000\040\000.\000\040\000.\000\040\000.\000\040\000.\000\040\000.\000\040\000.\000\040\000.\000\040\000.\000\040\000.\000\040\000.\000\040\000.\000\040\000.\000\040\000.\000\040\000.\000\040\000.\000\040\000.\000\040\000.\000\040\000.\000\040\000.\000\040\000.\000\040\000.\000\040\000.\000\040\000.\000\040\000.\000\040\000.\000\040\000.\000\040\000.\000\040\000.\000\040\000.\000\040\000.\000\040\000.}{}% 3
\BOOKMARK [0][-]{chapter*.5}{\376\377\000A\000B\000S\000T\000R\000A\000C\000T\000.\000\040\000.\000\040\000.\000\040\000.\000\040\000.\000\040\000.\000\040\000.\000\040\000.\000\040\000.\000\040\000.\000\040\000.\000\040\000.\000\040\000.\000\040\000.\000\040\000.\000\040\000.\000\040\000.\000\040\000.\000\040\000.\000\040\000.\000\040\000.\000\040\000.\000\040\000.\000\040\000.\000\040\000.\000\040\000.\000\040\000.\000\040\000.\000\040\000.\000\040\000.\000\040\000.\000\040\000.\000\040\000.\000\040\000.\000\040\000.\000\040\000.\000\040\000.\000\040\000.\000\040\000.\000\040\000.\000\040\000.\000\040\000.\000\040\000.\000\040\000.\000\040\000.\000\040\000.\000\040\000.\000\040\000.\000\040\000.\000\040\000.\000\040\000.\000\040\000.\000\040\000.\000\040\000.\000\040\000.\000\040\000.\000\040\000.\000\040\000.\000\040\000.\000\040\000.\000\040\000.\000\040}{}% 4
\BOOKMARK [1][-]{chapter*.6}{\376\377\000I\000N\000T\000R\000O\000D\000U\000C\000T\000I\000O\000N}{chapter*.5}% 5
\BOOKMARK [0][-]{chapter.1}{\376\377\000P\000r\000\351\000l\000i\000m\000i\000n\000a\000i\000r\000e\000s}{}% 6
\BOOKMARK [1][-]{section*.7}{\376\377\000I\000n\000t\000r\000o\000d\000u\000c\000t\000i\000o\000n}{chapter.1}% 7
\BOOKMARK [1][-]{section.1.1}{\376\377\000G\000r\000o\000u\000p\000e\000s\000,\000\040\000s\000o\000u\000s\000-\000g\000r\000o\000u\000p\000e\000s\000\040\000e\000t\000\040\000h\000o\000m\000o\000m\000o\000r\000p\000h\000i\000s\000m\000e\000s\000\040\000d\000e\000\040\000g\000r\000o\000u\000p\000e\000s}{chapter.1}% 8
\BOOKMARK [2][-]{subsection.1.1.1}{\376\377\000S\000u\000r\000\040\000l\000e\000s\000\040\000g\000r\000o\000u\000p\000e\000s}{section.1.1}% 9
\BOOKMARK [2][-]{subsection.1.1.2}{\376\377\000S\000o\000u\000s\000-\000g\000r\000o\000u\000p\000e\000s}{section.1.1}% 10
\BOOKMARK [2][-]{subsection.1.1.3}{\376\377\000N\000o\000t\000i\000o\000n\000\040\000d\000'\000e\000s\000p\000a\000c\000e\000\040\000t\000o\000p\000o\000l\000o\000g\000i\000q\000u\000e}{section.1.1}% 11
\BOOKMARK [2][-]{subsection.1.1.4}{\376\377\000N\000o\000t\000i\000o\000n\000\040\000d\000e\000\040\000g\000r\000o\000u\000p\000e\000\040\000t\000o\000p\000o\000l\000o\000g\000i\000q\000u\000e}{section.1.1}% 12
\BOOKMARK [1][-]{section.1.2}{\376\377\000E\000s\000p\000a\000c\000e\000s\000\040\000v\000e\000c\000t\000o\000r\000i\000e\000l\000s\000\040\000e\000t\000\040\000a\000p\000p\000l\000i\000c\000a\000t\000i\000o\000n\000s\000\040\000l\000i\000n\000\351\000a\000i\000r\000e\000s}{chapter.1}% 13
\BOOKMARK [2][-]{subsection.1.2.1}{\376\377\000E\000s\000p\000a\000c\000e\000s\000\040\000v\000e\000c\000t\000o\000r\000i\000e\000l\000s}{section.1.2}% 14
\BOOKMARK [2][-]{subsection.1.2.2}{\376\377\000A\000p\000p\000l\000i\000c\000a\000t\000i\000o\000n\000s\000\040\000l\000i\000n\000\351\000a\000i\000r\000e\000s}{section.1.2}% 15
\BOOKMARK [1][-]{section.1.3}{\376\377\000N\000o\000t\000i\000o\000n\000s\000\040\000d\000e\000\040\000c\000a\000t\000\351\000g\000o\000r\000i\000e\000s\000,\000\040\000f\000o\000n\000c\000t\000e\000u\000r\000s\000,\000\040\000l\000i\000m\000i\000t\000e\000s\000\040\000p\000r\000o\000j\000e\000c\000t\000i\000v\000e\000s\000\040\000e\000t\000\040\000l\000i\000m\000i\000t\000e\000s\000\040\000i\000n\000d\000u\000c\000t\000i\000v\000e\000s}{chapter.1}% 16
\BOOKMARK [2][-]{subsection.1.3.1}{\376\377\000C\000a\000t\000\351\000g\000o\000r\000i\000e\000s}{section.1.3}% 17
\BOOKMARK [2][-]{subsection.1.3.2}{\376\377\000F\000o\000n\000c\000t\000e\000u\000r\000s}{section.1.3}% 18
\BOOKMARK [2][-]{subsection.1.3.3}{\376\377\000\040\000L\000i\000m\000i\000t\000e\000s\000\040\000i\000n\000d\000u\000c\000t\000i\000v\000e\000s}{section.1.3}% 19
\BOOKMARK [2][-]{subsection.1.3.4}{\376\377\000L\000i\000m\000i\000t\000e\000s\000\040\000p\000r\000o\000j\000e\000c\000t\000i\000v\000e\000s}{section.1.3}% 20
\BOOKMARK [1][-]{section.1.4}{\376\377\000C\000o\000m\000p\000l\000\351\000t\000\351\000\040\000P\000r\000o\000f\000i\000n\000i\000\040\000d\000'\000u\000n\000\040\000G\000r\000o\000u\000p\000e\000\040}{chapter.1}% 21
\BOOKMARK [1][-]{theorem.1.4.1}{\376\377\000C\000o\000n\000c\000l\000u\000s\000i\000o\000n}{chapter.1}% 22
\BOOKMARK [0][-]{chapter.2}{\376\377\000N\000o\000t\000i\000o\000n\000\040\000d\000e\000\040\000r\000e\000p\000r\000\351\000s\000e\000n\000t\000a\000t\000i\000o\000n\000\040\000l\000i\000n\000\351\000a\000i\000r\000e\000\040\000d\000e\000\040\000g\000r\000o\000u\000p\000e\000s\000\040\000f\000i\000n\000i\000s}{}% 23
\BOOKMARK [1][-]{section*.8}{\376\377\000I\000n\000t\000r\000o\000d\000u\000c\000t\000i\000o\000n}{chapter.2}% 24
\BOOKMARK [1][-]{section.2.1}{\376\377\000D\000\351\000f\000i\000n\000i\000t\000i\000o\000n\000\040\000e\000t\000\040\000p\000r\000o\000p\000r\000i\000\351\000t\000\351\000s\000\040\000d\000'\000u\000n\000e\000\040\000r\000e\000p\000r\000\351\000s\000e\000n\000t\000a\000t\000i\000o\000n\000\040\000l\000i\000n\000\351\000a\000i\000r\000e\000\040\000d\000'\000u\000n\000\040\000g\000r\000o\000u\000p\000e\000\040\000f\000i\000n\000i}{chapter.2}% 25
\BOOKMARK [2][-]{subsection.2.1.1}{\376\377\000D\000\351\000f\000i\000n\000i\000t\000i\000o\000n\000s\000\040\000e\000t\000\040\000e\000x\000e\000m\000p\000l\000e\000s}{section.2.1}% 26
\BOOKMARK [2][-]{subsection.2.1.2}{\376\377\000S\000o\000u\000s\000-\000r\000e\000p\000r\000\351\000s\000e\000n\000t\000a\000t\000i\000o\000n\000s}{section.2.1}% 27
\BOOKMARK [1][-]{section.2.2}{\376\377\000C\000a\000r\000a\000c\000t\000\350\000r\000e\000\040\000d\000'\000u\000n\000e\000\040\000r\000e\000p\000r\000\351\000s\000e\000n\000t\000a\000t\000i\000o\000n\000\040\000l\000i\000n\000\351\000a\000i\000r\000e\000\040\000d\000'\000u\000n\000\040\000g\000r\000o\000u\000p\000e\000\040\000f\000i\000n\000i}{chapter.2}% 28
\BOOKMARK [1][-]{section.2.3}{\376\377\000R\000e\000p\000r\000\351\000s\000e\000n\000t\000a\000t\000i\000o\000n\000s\000\040\000l\000i\000n\000\351\000a\000i\000r\000e\000s\000\040\000i\000r\000r\000\351\000d\000u\000c\000t\000i\000b\000l\000e\000s}{chapter.2}% 29
\BOOKMARK [1][-]{theorem.2.3.5}{\376\377\000C\000o\000n\000c\000l\000u\000s\000i\000o\000n}{chapter.2}% 30
\BOOKMARK [0][-]{chapter.3}{\376\377\000P\000r\000o\000d\000u\000i\000t\000\040\000t\000e\000n\000s\000o\000r\000i\000e\000l\000\040\000e\000t\000\040\000r\000e\000p\000r\000\351\000s\000e\000n\000t\000a\000t\000i\000o\000n\000\040\000l\000i\000n\000\351\000a\000i\000r\000e\000\040\000d\000'\000u\000n\000\040\000p\000r\000o\000d\000u\000i\000t\000\040\000d\000e\000\040\000g\000r\000o\000u\000p\000e\000s\000\040\000f\000i\000n\000i\000s}{}% 31
\BOOKMARK [1][-]{section*.10}{\376\377\000I\000n\000t\000r\000o\000d\000u\000c\000t\000i\000o\000n}{chapter.3}% 32
\BOOKMARK [1][-]{section.3.1}{\376\377\000P\000r\000o\000d\000u\000i\000t\000\040\000t\000e\000n\000s\000o\000r\000i\000e\000l\000\040\000d\000'\000e\000s\000p\000a\000c\000e\000s\000\040\000v\000e\000c\000t\000o\000r\000i\000e\000l\000s}{chapter.3}% 33
\BOOKMARK [2][-]{subsection.3.1.1}{\376\377\000P\000r\000o\000d\000u\000i\000t\000\040\000t\000e\000n\000s\000o\000r\000i\000e\000l\000\040\000d\000e\000\040\000d\000e\000u\000x\000\040\000e\000s\000p\000a\000c\000e\000s\000\040\000v\000e\000c\000t\000o\000r\000i\000e\000l\000s}{section.3.1}% 34
\BOOKMARK [2][-]{subsection.3.1.2}{\376\377\000P\000r\000o\000d\000u\000i\000t\000\040\000t\000e\000n\000s\000o\000r\000i\000e\000l\000\040\000a\000r\000b\000i\000t\000r\000a\000i\000r\000e\000\040\000d\000'\000e\000s\000p\000a\000c\000e\000s\000\040\000v\000e\000c\000t\000o\000r\000i\000e\000l\000s}{section.3.1}% 35
\BOOKMARK [1][-]{section.3.2}{\376\377\000R\000e\000p\000r\000\351\000s\000e\000n\000t\000a\000t\000i\000o\000n\000\040\000l\000i\000n\000\351\000a\000i\000r\000e\000\040\000d\000'\000u\000n\000\040\000p\000r\000o\000d\000u\000i\000t\000\040\000d\000e\000\040\000g\000r\000o\000u\000p\000e\000s\000\040\000f\000i\000n\000i\000s}{chapter.3}% 36
\BOOKMARK [2][-]{subsection.3.2.1}{\376\377\000R\000e\000p\000r\000\351\000s\000e\000n\000t\000a\000t\000i\000o\000n\000\040\000l\000i\000n\000\351\000a\000i\000r\000e\000\040\000d\000'\000u\000n\000\040\000p\000r\000o\000d\000u\000i\000t\000\040\000d\000e\000\040\000d\000e\000u\000x\000\040\000g\000r\000o\000u\000p\000e\000s\000\040\000f\000i\000n\000i\000s}{section.3.2}% 37
\BOOKMARK [2][-]{subsection.3.2.2}{\376\377\000R\000e\000p\000r\000\351\000s\000e\000n\000t\000a\000t\000i\000o\000n\000\040\000l\000i\000n\000\351\000a\000i\000r\000e\000\040\000d\000'\000u\000n\000\040\000p\000r\000o\000d\000u\000i\000t\000\040\000a\000r\000b\000i\000t\000r\000a\000i\000r\000e\000\040\000d\000e\000\040\000g\000r\000o\000u\000p\000e\000s\000\040\000f\000i\000n\000i\000s}{section.3.2}% 38
\BOOKMARK [2][-]{subsection.3.2.3}{\376\377\000C\000a\000r\000a\000c\000t\000\350\000r\000e\000\040\000d\000'\000u\000n\000e\000\040\000r\000e\000p\000r\000\351\000s\000e\000n\000t\000a\000t\000i\000o\000n\000\040\000l\000i\000n\000\351\000a\000i\000r\000e\000\040\000d\000'\000u\000n\000\040\000p\000r\000o\000d\000u\000i\000t\000\040\000d\000e\000\040\000g\000r\000o\000u\000p\000e\000s}{section.3.2}% 39
\BOOKMARK [2][-]{subsection.3.2.4}{\376\377\000I\000r\000r\000\351\000d\000u\000c\000t\000i\000b\000i\000l\000i\000t\000\351\000\040\000d\000e\000s\000\040\000r\000e\000p\000r\000\351\000s\000e\000n\000t\000a\000t\000i\000o\000n\000s\000\040\000d\000'\000u\000n\000\040\000p\000r\000o\000d\000u\000i\000t\000\040\000d\000e\000\040\000g\000r\000o\000u\000p\000e\000s}{section.3.2}% 40
\BOOKMARK [1][-]{section.3.3}{\376\377\000T\000r\000a\000i\000t\000\351\000\040\000d\000u\000\040\000c\000a\000s\000\040\000d\000e\000\040\000Z\000"\0000\0003\0006\0002\000Z\000,\000\040\000l\000e\000\040\000c\000o\000m\000p\000l\000\351\000t\000\351\000\040\000p\000r\000o\000f\000i\000n\000i\000\040\000d\000e\000\040\000Z\000.}{chapter.3}% 41
\BOOKMARK [2][-]{subsection.3.3.1}{\376\377\000P\000r\000o\000p\000r\000i\000\351\000t\000\351\000s\000\040\000d\000u\000\040\000c\000o\000m\000p\000l\000\351\000t\000\351\000\040\000p\000r\000o\000f\000i\000n\000i\000\040\000Z\000"\0000\0003\0006\0002\000Z\000\040}{section.3.3}% 42
\BOOKMARK [2][-]{subsection.3.3.2}{\376\377\000R\000e\000p\000r\000\351\000s\000e\000n\000t\000a\000t\000i\000o\000n\000s\000\040\000l\000i\000n\000\351\000a\000i\000r\000e\000s\000\040\000d\000e\000\040\000Z\000"\0000\0003\0006\0002\000Z}{section.3.3}% 43
\BOOKMARK [2][-]{subsection.3.3.3}{\376\377\000C\000a\000r\000a\000c\000t\000\350\000r\000e\000s\000\040\000d\000e\000\040\000Z\000"\0000\0003\0006\0002\000Z}{section.3.3}% 44
\BOOKMARK [2][-]{subsection.3.3.4}{\376\377\000R\000e\000p\000r\000\351\000s\000e\000n\000t\000a\000t\000i\000o\000n\000s\000\040\000i\000r\000r\000\351\000d\000u\000c\000t\000i\000b\000l\000e\000s\000\040\000d\000e\000\040\000Z\000"\0000\0003\0006\0002\000Z}{section.3.3}% 45
\BOOKMARK [1][-]{Item.167}{\376\377\000C\000o\000n\000c\000l\000u\000s\000i\000o\000n}{chapter.3}% 46
\BOOKMARK [1][-]{chapter*.11}{\376\377\000C\000O\000N\000C\000L\000U\000S\000I\000O\000N}{chapter.3}% 47
